2017.07.19 19:23:42.376 BRT INFO: *** SYSTEM START ***
2017.07.19 19:23:42.833 BRT INFO: Loading triples -- ProtegeOWLParser.loadTriples()
2017.07.19 19:23:43.356 BRT INFO: [ProtegeOWLParser] Completed triple loading after 464 ms -- ProtegeOWLParser.loadTriples()
2017.07.19 19:23:43.371 BRT INFO: [TripleChangePostProcessor] Completed lists after 0 ms -- TripleChangePostProcessor.log()
2017.07.19 19:23:43.376 BRT INFO: [TripleChangePostProcessor] Completed anonymous classes after 5 ms -- TripleChangePostProcessor.log()
2017.07.19 19:23:43.377 BRT INFO: [TripleChangePostProcessor] Completed deprecated classes after 1 ms -- TripleChangePostProcessor.log()
2017.07.19 19:23:43.387 BRT INFO: [TripleChangePostProcessor] Completed properties after 10 ms -- TripleChangePostProcessor.log()
2017.07.19 19:23:43.393 BRT INFO: [TripleChangePostProcessor] Completed named classes after 6 ms -- TripleChangePostProcessor.log()
2017.07.19 19:23:43.394 BRT INFO: ... Loading completed after 503 ms -- ProtegeOWLParser.loadTriples()
2017.07.19 19:26:08.552 BRT INFO: *** SYSTEM START ***
2017.07.19 19:26:08.995 BRT INFO: Loading triples -- ProtegeOWLParser.loadTriples()
2017.07.19 19:26:09.475 BRT INFO: [ProtegeOWLParser] Completed triple loading after 416 ms -- ProtegeOWLParser.loadTriples()
2017.07.19 19:26:09.510 BRT INFO: [TripleChangePostProcessor] Completed lists after 0 ms -- TripleChangePostProcessor.log()
2017.07.19 19:26:09.516 BRT INFO: [TripleChangePostProcessor] Completed anonymous classes after 5 ms -- TripleChangePostProcessor.log()
2017.07.19 19:26:09.517 BRT INFO: [TripleChangePostProcessor] Completed deprecated classes after 1 ms -- TripleChangePostProcessor.log()
2017.07.19 19:26:09.557 BRT INFO: [TripleChangePostProcessor] Completed properties after 40 ms -- TripleChangePostProcessor.log()
2017.07.19 19:26:09.575 BRT INFO: [TripleChangePostProcessor] Completed named classes after 18 ms -- TripleChangePostProcessor.log()
2017.07.19 19:26:09.577 BRT INFO: ... Loading completed after 519 ms -- ProtegeOWLParser.loadTriples()
2017.08.21 00:58:51.846 BRT INFO: *** SYSTEM START ***
2017.08.21 00:58:52.548 BRT INFO: Loading triples -- ProtegeOWLParser.loadTriples()
2017.08.21 00:58:53.063 BRT INFO: [ProtegeOWLParser] Completed triple loading after 464 ms -- ProtegeOWLParser.loadTriples()
2017.08.21 00:58:53.098 BRT INFO: [TripleChangePostProcessor] Completed lists after 0 ms -- TripleChangePostProcessor.log()
2017.08.21 00:58:53.104 BRT INFO: [TripleChangePostProcessor] Completed anonymous classes after 6 ms -- TripleChangePostProcessor.log()
2017.08.21 00:58:53.105 BRT INFO: [TripleChangePostProcessor] Completed deprecated classes after 1 ms -- TripleChangePostProcessor.log()
2017.08.21 00:58:53.118 BRT INFO: [TripleChangePostProcessor] Completed properties after 12 ms -- TripleChangePostProcessor.log()
2017.08.21 00:58:53.124 BRT INFO: [TripleChangePostProcessor] Completed named classes after 6 ms -- TripleChangePostProcessor.log()
2017.08.21 00:58:53.125 BRT INFO: ... Loading completed after 526 ms -- ProtegeOWLParser.loadTriples()
2018.07.06 14:23:47.989 EDT INFO: *** SYSTEM START ***
2018.07.06 14:23:48.799 EDT INFO: Loading triples -- ProtegeOWLParser.loadTriples()
2018.07.06 14:23:49.252 EDT INFO: [ProtegeOWLParser] Completed triple loading after 355 ms -- ProtegeOWLParser.loadTriples()
2018.07.06 14:23:49.276 EDT INFO: [TripleChangePostProcessor] Completed lists after 0 ms -- TripleChangePostProcessor.log()
2018.07.06 14:23:49.284 EDT INFO: [TripleChangePostProcessor] Completed anonymous classes after 8 ms -- TripleChangePostProcessor.log()
2018.07.06 14:23:49.285 EDT INFO: [TripleChangePostProcessor] Completed deprecated classes after 1 ms -- TripleChangePostProcessor.log()
2018.07.06 14:23:49.301 EDT INFO: [TripleChangePostProcessor] Completed properties after 16 ms -- TripleChangePostProcessor.log()
2018.07.06 14:23:49.312 EDT INFO: [TripleChangePostProcessor] Completed named classes after 11 ms -- TripleChangePostProcessor.log()
2018.07.06 14:23:49.313 EDT INFO: ... Loading completed after 416 ms -- ProtegeOWLParser.loadTriples()
